build/app/intermediates/manifest_merge_blame_file/release/manifest-merger-blame-release-report.txt
1<?xml version="1.0" encoding="utf-8"?>
2<manifest xmlns:android="http://schemas.android.com/apk/res/android"
3    package="com.example.ECommerceApp"
4    android:versionCode="1"
5    android:versionName="1.0.0" >
6
7    <uses-sdk
8        android:minSdkVersion="21"
8-->src/main/AndroidManifest.xml
9        android:targetSdkVersion="29" />
9-->src/main/AndroidManifest.xml
10
11    <uses-permission android:name="android.permission.INTERNET" /> <!-- See https://developer.android.com/training/package-visibility/declaring for more details. -->
11-->[:google_sign_in] AndroidManifest.xml:7:5-67
11-->[:google_sign_in] AndroidManifest.xml:7:22-64
12    <queries>
12-->[com.stripe:payments-core:16.10.0] AndroidManifest.xml:10:5-14:15
13
14        <!-- Added to check if Chrome is installed for browser-based payment authentication (e.g. 3DS1). -->
15        <package android:name="com.android.chrome" />
15-->[com.stripe:payments-core:16.10.0] AndroidManifest.xml:13:9-54
15-->[com.stripe:payments-core:16.10.0] AndroidManifest.xml:13:18-51
16    </queries>
17
18    <uses-permission android:name="android.permission.ACCESS_NETWORK_STATE" />
18-->[com.google.firebase:firebase-auth:21.0.1] AndroidManifest.xml:24:5-79
18-->[com.google.firebase:firebase-auth:21.0.1] AndroidManifest.xml:24:22-76
19    <uses-permission android:name="android.permission.WAKE_LOCK" />
19-->[com.google.android.gms:play-services-measurement-api:19.0.1] AndroidManifest.xml:24:5-68
19-->[com.google.android.gms:play-services-measurement-api:19.0.1] AndroidManifest.xml:24:22-65
20    <uses-permission android:name="com.google.android.finsky.permission.BIND_GET_INSTALL_REFERRER_SERVICE" />
20-->[com.google.android.gms:play-services-measurement:19.0.1] AndroidManifest.xml:26:5-110
20-->[com.google.android.gms:play-services-measurement:19.0.1] AndroidManifest.xml:26:22-107
21
22    <uses-feature
22-->[com.google.android.gms:play-services-maps:17.0.0] AndroidManifest.xml:26:5-28:35
23        android:glEsVersion="0x00020000"
23-->[com.google.android.gms:play-services-maps:17.0.0] AndroidManifest.xml:27:9-41
24        android:required="true" />
24-->[com.google.android.gms:play-services-maps:17.0.0] AndroidManifest.xml:28:9-32
25    <!--
26 io.flutter.app.FlutterApplication is an android.app.Application that
27         calls FlutterMain.startInitialization(this); in its onCreate method.
28         In most cases you can leave this as-is, but you if you want to provide
29         additional functionality it is fine to subclass or reimplement
30         FlutterApplication and put your custom class here.
31    -->
32    <application
32-->src/main/AndroidManifest.xml:8:5-46:19
33        android:name="io.flutter.app.FlutterApplication"
33-->src/main/AndroidManifest.xml:9:9-57
34        android:appComponentFactory="androidx.core.app.CoreComponentFactory"
34-->[androidx.core:core:1.5.0] AndroidManifest.xml:24:18-86
35        android:icon="@mipmap/ic_launcher"
35-->src/main/AndroidManifest.xml:11:9-43
36        android:label="ECommerceApp"
36-->src/main/AndroidManifest.xml:10:9-37
37        android:theme="@style/Theme.AppCompat.Light.NoActionBar" >
37-->[:stripe_payment] AndroidManifest.xml:11:18-74
38        <activity
38-->src/main/AndroidManifest.xml:12:9-40:20
39            android:name="com.example.ECommerceApp.MainActivity"
39-->src/main/AndroidManifest.xml:13:13-41
40            android:configChanges="orientation|keyboardHidden|keyboard|screenSize|smallestScreenSize|locale|layoutDirection|fontScale|screenLayout|density|uiMode"
40-->src/main/AndroidManifest.xml:16:13-163
41            android:hardwareAccelerated="true"
41-->src/main/AndroidManifest.xml:17:13-47
42            android:launchMode="singleTop"
42-->src/main/AndroidManifest.xml:14:13-43
43            android:theme="@style/LaunchTheme"
43-->src/main/AndroidManifest.xml:15:13-47
44            android:windowSoftInputMode="adjustResize" >
44-->src/main/AndroidManifest.xml:18:13-55
45
46            <!--
47                 Specifies an Android theme to apply to this Activity as soon as
48                 the Android process has started. This theme is visible to the user
49                 while the Flutter UI initializes. After that, this theme continues
50                 to determine the Window background behind the Flutter UI.
51            -->
52            <meta-data
52-->src/main/AndroidManifest.xml:23:13-26:17
53                android:name="io.flutter.embedding.android.NormalTheme"
53-->src/main/AndroidManifest.xml:24:15-70
54                android:resource="@style/NormalTheme" />
54-->src/main/AndroidManifest.xml:25:15-52
55            <!--
56                 Displays an Android View that continues showing the launch screen
57                 Drawable until Flutter paints its first frame, then this splash
58                 screen fades out. A splash screen is useful to avoid any visual
59                 gap between the end of Android's launch screen and the painting of
60                 Flutter's first frame.
61            -->
62            <meta-data
62-->src/main/AndroidManifest.xml:32:13-35:17
63                android:name="io.flutter.embedding.android.SplashScreenDrawable"
63-->src/main/AndroidManifest.xml:33:15-79
64                android:resource="@drawable/launch_background" />
64-->src/main/AndroidManifest.xml:34:15-61
65
66            <intent-filter>
66-->src/main/AndroidManifest.xml:36:13-39:29
67                <action android:name="android.intent.action.MAIN" />
67-->src/main/AndroidManifest.xml:37:17-68
67-->src/main/AndroidManifest.xml:37:25-66
68
69                <category android:name="android.intent.category.LAUNCHER" />
69-->src/main/AndroidManifest.xml:38:17-76
69-->src/main/AndroidManifest.xml:38:27-74
70            </intent-filter>
71        </activity>
72        <!--
73             Don't delete the meta-data below.
74             This is used by the Flutter tool to generate GeneratedPluginRegistrant.java
75        -->
76        <meta-data
76-->src/main/AndroidManifest.xml:43:9-45:33
77            android:name="flutterEmbedding"
77-->src/main/AndroidManifest.xml:44:13-44
78            android:value="2" />
78-->src/main/AndroidManifest.xml:45:13-30
79
80        <service
80-->[:cloud_firestore] AndroidManifest.xml:8:9-12:19
81            android:name="com.google.firebase.components.ComponentDiscoveryService"
81-->[:cloud_firestore] AndroidManifest.xml:8:18-89
82            android:directBootAware="true"
82-->[com.google.firebase:firebase-common:20.0.0] AndroidManifest.xml:35:13-43
83            android:exported="false" >
83-->[com.google.firebase:firebase-auth:21.0.1] AndroidManifest.xml:76:13-37
84            <meta-data
84-->[:cloud_firestore] AndroidManifest.xml:9:13-11:85
85                android:name="com.google.firebase.components:io.flutter.plugins.firebase.firestore.FlutterFirebaseFirestoreRegistrar"
85-->[:cloud_firestore] AndroidManifest.xml:10:17-134
86                android:value="com.google.firebase.components.ComponentRegistrar" />
86-->[:cloud_firestore] AndroidManifest.xml:11:17-82
87            <meta-data
87-->[:firebase_auth] AndroidManifest.xml:9:13-11:85
88                android:name="com.google.firebase.components:io.flutter.plugins.firebase.auth.FlutterFirebaseAuthRegistrar"
88-->[:firebase_auth] AndroidManifest.xml:10:17-124
89                android:value="com.google.firebase.components.ComponentRegistrar" />
89-->[:firebase_auth] AndroidManifest.xml:11:17-82
90            <meta-data
90-->[:firebase_storage] AndroidManifest.xml:9:13-11:85
91                android:name="com.google.firebase.components:io.flutter.plugins.firebase.storage.FlutterFirebaseAppRegistrar"
91-->[:firebase_storage] AndroidManifest.xml:10:17-126
92                android:value="com.google.firebase.components.ComponentRegistrar" />
92-->[:firebase_storage] AndroidManifest.xml:11:17-82
93            <meta-data
93-->[:firebase_core] AndroidManifest.xml:9:13-11:85
94                android:name="com.google.firebase.components:io.flutter.plugins.firebase.core.FlutterFirebaseCoreRegistrar"
94-->[:firebase_core] AndroidManifest.xml:10:17-124
95                android:value="com.google.firebase.components.ComponentRegistrar" />
95-->[:firebase_core] AndroidManifest.xml:11:17-82
96            <meta-data
96-->[com.google.firebase:firebase-auth:21.0.1] AndroidManifest.xml:77:13-79:85
97                android:name="com.google.firebase.components:com.google.firebase.auth.FirebaseAuthRegistrar"
97-->[com.google.firebase:firebase-auth:21.0.1] AndroidManifest.xml:78:17-109
98                android:value="com.google.firebase.components.ComponentRegistrar" />
98-->[com.google.firebase:firebase-auth:21.0.1] AndroidManifest.xml:79:17-82
99            <meta-data
99-->[com.google.firebase:firebase-firestore:23.0.3] AndroidManifest.xml:20:13-22:85
100                android:name="com.google.firebase.components:com.google.firebase.firestore.FirestoreRegistrar"
100-->[com.google.firebase:firebase-firestore:23.0.3] AndroidManifest.xml:21:17-111
101                android:value="com.google.firebase.components.ComponentRegistrar" />
101-->[com.google.firebase:firebase-firestore:23.0.3] AndroidManifest.xml:22:17-82
102            <meta-data
102-->[com.google.firebase:firebase-storage:20.0.0] AndroidManifest.xml:33:13-35:85
103                android:name="com.google.firebase.components:com.google.firebase.storage.StorageRegistrar"
103-->[com.google.firebase:firebase-storage:20.0.0] AndroidManifest.xml:34:17-107
104                android:value="com.google.firebase.components.ComponentRegistrar" />
104-->[com.google.firebase:firebase-storage:20.0.0] AndroidManifest.xml:35:17-82
105            <meta-data
105-->[com.google.android.gms:play-services-measurement-api:19.0.1] AndroidManifest.xml:30:13-32:85
106                android:name="com.google.firebase.components:com.google.firebase.analytics.connector.internal.AnalyticsConnectorRegistrar"
106-->[com.google.android.gms:play-services-measurement-api:19.0.1] AndroidManifest.xml:31:17-139
107                android:value="com.google.firebase.components.ComponentRegistrar" />
107-->[com.google.android.gms:play-services-measurement-api:19.0.1] AndroidManifest.xml:32:17-82
108            <meta-data
108-->[com.google.firebase:firebase-installations:17.0.0] AndroidManifest.xml:18:13-20:85
109                android:name="com.google.firebase.components:com.google.firebase.installations.FirebaseInstallationsRegistrar"
109-->[com.google.firebase:firebase-installations:17.0.0] AndroidManifest.xml:19:17-127
110                android:value="com.google.firebase.components.ComponentRegistrar" />
110-->[com.google.firebase:firebase-installations:17.0.0] AndroidManifest.xml:20:17-82
111        </service>
112
113        <meta-data
113-->[:stripe_payment] AndroidManifest.xml:12:9-14:36
114            android:name="com.google.android.gms.wallet.api.enabled"
114-->[:stripe_payment] AndroidManifest.xml:13:13-69
115            android:value="true" />
115-->[:stripe_payment] AndroidManifest.xml:14:13-33
116
117        <activity
117-->[:stripe_payment] AndroidManifest.xml:16:9-20:75
118            android:name="com.gettipsi.stripe.OpenBrowserActivity"
118-->[:stripe_payment] AndroidManifest.xml:17:13-67
119            android:exported="false"
119-->[:stripe_payment] AndroidManifest.xml:18:13-37
120            android:launchMode="singleTask"
120-->[:stripe_payment] AndroidManifest.xml:19:13-44
121            android:theme="@android:style/Theme.Translucent.NoTitleBar" />
121-->[:stripe_payment] AndroidManifest.xml:20:13-72
122        <activity
122-->[:stripe_payment] AndroidManifest.xml:21:9-34:20
123            android:name="com.gettipsi.stripe.RedirectUriReceiver"
123-->[:stripe_payment] AndroidManifest.xml:22:13-67
124            android:exported="true"
124-->[:stripe_payment] AndroidManifest.xml:23:13-36
125            android:launchMode="singleTask"
125-->[:stripe_payment] AndroidManifest.xml:24:13-44
126            android:theme="@android:style/Theme.Translucent.NoTitleBar.Fullscreen" >
126-->[:stripe_payment] AndroidManifest.xml:25:13-83
127            <intent-filter>
127-->[:stripe_payment] AndroidManifest.xml:26:13-33:29
128                <action android:name="android.intent.action.VIEW" />
128-->[:stripe_payment] AndroidManifest.xml:27:17-69
128-->[:stripe_payment] AndroidManifest.xml:27:25-66
129
130                <category android:name="android.intent.category.DEFAULT" />
130-->[:stripe_payment] AndroidManifest.xml:29:17-76
130-->[:stripe_payment] AndroidManifest.xml:29:27-73
131                <category android:name="android.intent.category.BROWSABLE" />
131-->[:stripe_payment] AndroidManifest.xml:30:17-78
131-->[:stripe_payment] AndroidManifest.xml:30:27-75
132
133                <data android:scheme="example" />
133-->[:stripe_payment] AndroidManifest.xml:32:17-50
133-->[:stripe_payment] AndroidManifest.xml:32:23-47
134            </intent-filter>
135        </activity>
136
137        <provider
137-->[:image_picker] AndroidManifest.xml:8:9-16:20
138            android:name="io.flutter.plugins.imagepicker.ImagePickerFileProvider"
138-->[:image_picker] AndroidManifest.xml:9:13-82
139            android:authorities="com.example.ECommerceApp.flutter.image_provider"
139-->[:image_picker] AndroidManifest.xml:10:13-74
140            android:exported="false"
140-->[:image_picker] AndroidManifest.xml:11:13-37
141            android:grantUriPermissions="true" >
141-->[:image_picker] AndroidManifest.xml:12:13-47
142            <meta-data
142-->[:image_picker] AndroidManifest.xml:13:13-15:75
143                android:name="android.support.FILE_PROVIDER_PATHS"
143-->[:image_picker] AndroidManifest.xml:14:17-67
144                android:resource="@xml/flutter_image_picker_file_paths" />
144-->[:image_picker] AndroidManifest.xml:15:17-72
145        </provider>
146
147        <activity
147-->[:razorpay_flutter] AndroidManifest.xml:8:9-11:20
148            android:name="com.razorpay.CheckoutActivity"
148-->[:razorpay_flutter] AndroidManifest.xml:9:13-57
149            android:configChanges="keyboard|keyboardHidden|orientation|screenSize"
149-->[com.razorpay:checkout:1.6.10] AndroidManifest.xml:20:13-83
150            android:label="Razorpay Checkout"
150-->[:razorpay_flutter] AndroidManifest.xml:10:13-46
151            android:theme="@style/CheckoutTheme" >
151-->[com.razorpay:checkout:1.6.10] AndroidManifest.xml:21:13-49
152            <intent-filter>
152-->[com.razorpay:checkout:1.6.10] AndroidManifest.xml:22:13-28:29
153                <action android:name="android.intent.action.MAIN" />
153-->src/main/AndroidManifest.xml:37:17-68
153-->src/main/AndroidManifest.xml:37:25-66
154
155                <data
155-->[:stripe_payment] AndroidManifest.xml:32:17-50
156                    android:host="rzp.io"
157                    android:scheme="io.rzp" />
157-->[:stripe_payment] AndroidManifest.xml:32:23-47
158            </intent-filter>
159        </activity>
160        <activity
160-->[com.stripe:payments-core:16.10.0] AndroidManifest.xml:17:9-19:57
161            android:name="com.stripe.android.view.AddPaymentMethodActivity"
161-->[com.stripe:payments-core:16.10.0] AndroidManifest.xml:18:13-76
162            android:theme="@style/StripeDefaultTheme" />
162-->[com.stripe:payments-core:16.10.0] AndroidManifest.xml:19:13-54
163        <activity
163-->[com.stripe:payments-core:16.10.0] AndroidManifest.xml:20:9-22:57
164            android:name="com.stripe.android.view.PaymentMethodsActivity"
164-->[com.stripe:payments-core:16.10.0] AndroidManifest.xml:21:13-74
165            android:theme="@style/StripeDefaultTheme" />
165-->[com.stripe:payments-core:16.10.0] AndroidManifest.xml:22:13-54
166        <activity
166-->[com.stripe:payments-core:16.10.0] AndroidManifest.xml:23:9-25:57
167            android:name="com.stripe.android.view.PaymentFlowActivity"
167-->[com.stripe:payments-core:16.10.0] AndroidManifest.xml:24:13-71
168            android:theme="@style/StripeDefaultTheme" />
168-->[com.stripe:payments-core:16.10.0] AndroidManifest.xml:25:13-54
169        <activity
169-->[com.stripe:payments-core:16.10.0] AndroidManifest.xml:26:9-29:58
170            android:name="com.stripe.android.view.PaymentAuthWebViewActivity"
170-->[com.stripe:payments-core:16.10.0] AndroidManifest.xml:27:13-78
171            android:theme="@style/StripeDefaultTheme"
171-->[com.stripe:payments-core:16.10.0] AndroidManifest.xml:28:13-54
172            android:windowSoftInputMode="adjustResize" />
172-->[com.stripe:payments-core:16.10.0] AndroidManifest.xml:29:13-55
173        <activity
173-->[com.stripe:payments-core:16.10.0] AndroidManifest.xml:30:9-32:61
174            android:name="com.stripe.android.view.PaymentRelayActivity"
174-->[com.stripe:payments-core:16.10.0] AndroidManifest.xml:31:13-72
175            android:theme="@style/StripeTransparentTheme" />
175-->[com.stripe:payments-core:16.10.0] AndroidManifest.xml:32:13-58
176        <!--
177        Set android:launchMode="singleTop" so that the StripeBrowserLauncherActivity instance that
178        launched the browser Activity will also handle the return URL deep link.
179        -->
180        <activity
180-->[com.stripe:payments-core:16.10.0] AndroidManifest.xml:38:9-54:20
181            android:name="com.stripe.android.payments.StripeBrowserLauncherActivity"
181-->[com.stripe:payments-core:16.10.0] AndroidManifest.xml:39:13-85
182            android:launchMode="singleTop"
182-->[com.stripe:payments-core:16.10.0] AndroidManifest.xml:40:13-43
183            android:theme="@style/StripeTransparentTheme" >
183-->[com.stripe:payments-core:16.10.0] AndroidManifest.xml:41:13-58
184            <intent-filter>
184-->[com.stripe:payments-core:16.10.0] AndroidManifest.xml:42:13-53:29
185                <action android:name="android.intent.action.VIEW" />
185-->[:stripe_payment] AndroidManifest.xml:27:17-69
185-->[:stripe_payment] AndroidManifest.xml:27:25-66
186
187                <category android:name="android.intent.category.DEFAULT" />
187-->[:stripe_payment] AndroidManifest.xml:29:17-76
187-->[:stripe_payment] AndroidManifest.xml:29:27-73
188                <category android:name="android.intent.category.BROWSABLE" />
188-->[:stripe_payment] AndroidManifest.xml:30:17-78
188-->[:stripe_payment] AndroidManifest.xml:30:27-75
189
190                <!-- Must match `DefaultReturnUrl#value`. -->
191                <data
191-->[:stripe_payment] AndroidManifest.xml:32:17-50
192                    android:host="payment_return_url"
193                    android:path="/com.example.ECommerceApp"
194                    android:scheme="stripesdk" />
194-->[:stripe_payment] AndroidManifest.xml:32:23-47
195            </intent-filter>
196        </activity>
197        <activity
197-->[com.stripe:payments-core:16.10.0] AndroidManifest.xml:55:9-57:57
198            android:name="com.stripe.android.view.Stripe3ds2CompletionActivity"
198-->[com.stripe:payments-core:16.10.0] AndroidManifest.xml:56:13-80
199            android:theme="@style/StripeDefaultTheme" />
199-->[com.stripe:payments-core:16.10.0] AndroidManifest.xml:57:13-54
200        <activity
200-->[com.stripe:payments-core:16.10.0] AndroidManifest.xml:58:9-60:69
201            android:name="com.stripe.android.paymentsheet.PaymentSheetActivity"
201-->[com.stripe:payments-core:16.10.0] AndroidManifest.xml:59:13-80
202            android:theme="@style/StripePaymentSheetDefaultTheme" />
202-->[com.stripe:payments-core:16.10.0] AndroidManifest.xml:60:13-66
203        <activity
203-->[com.stripe:payments-core:16.10.0] AndroidManifest.xml:61:9-63:69
204            android:name="com.stripe.android.paymentsheet.PaymentOptionsActivity"
204-->[com.stripe:payments-core:16.10.0] AndroidManifest.xml:62:13-82
205            android:theme="@style/StripePaymentSheetDefaultTheme" />
205-->[com.stripe:payments-core:16.10.0] AndroidManifest.xml:63:13-66
206        <activity
206-->[com.stripe:payments-core:16.10.0] AndroidManifest.xml:64:9-66:66
207            android:name="com.stripe.android.googlepay.StripeGooglePayActivity"
207-->[com.stripe:payments-core:16.10.0] AndroidManifest.xml:65:13-80
208            android:theme="@style/StripeGooglePayDefaultTheme" />
208-->[com.stripe:payments-core:16.10.0] AndroidManifest.xml:66:13-63
209        <activity
209-->[com.stripe:stripe-3ds2-android:5.3.1] AndroidManifest.xml:10:9-12:54
210            android:name="com.stripe.android.stripe3ds2.views.ChallengeActivity"
210-->[com.stripe:stripe-3ds2-android:5.3.1] AndroidManifest.xml:11:13-81
211            android:theme="@style/Stripe3DS2Theme" />
211-->[com.stripe:stripe-3ds2-android:5.3.1] AndroidManifest.xml:12:13-51
212        <activity
212-->[com.stripe:stripe-3ds2-android:5.3.1] AndroidManifest.xml:13:9-15:54
213            android:name="com.stripe.android.stripe3ds2.views.ChallengeProgressActivity"
213-->[com.stripe:stripe-3ds2-android:5.3.1] AndroidManifest.xml:14:13-89
214            android:theme="@style/Stripe3DS2Theme" />
214-->[com.stripe:stripe-3ds2-android:5.3.1] AndroidManifest.xml:15:13-51
215        <activity
215-->[com.google.firebase:firebase-auth:21.0.1] AndroidManifest.xml:27:9-44:20
216            android:name="com.google.firebase.auth.internal.GenericIdpActivity"
216-->[com.google.firebase:firebase-auth:21.0.1] AndroidManifest.xml:28:13-80
217            android:excludeFromRecents="true"
217-->[com.google.firebase:firebase-auth:21.0.1] AndroidManifest.xml:29:13-46
218            android:exported="true"
218-->[com.google.firebase:firebase-auth:21.0.1] AndroidManifest.xml:30:13-36
219            android:launchMode="singleTask"
219-->[com.google.firebase:firebase-auth:21.0.1] AndroidManifest.xml:31:13-44
220            android:theme="@android:style/Theme.Translucent.NoTitleBar" >
220-->[com.google.firebase:firebase-auth:21.0.1] AndroidManifest.xml:32:13-72
221            <intent-filter>
221-->[com.google.firebase:firebase-auth:21.0.1] AndroidManifest.xml:33:13-43:29
222                <action android:name="android.intent.action.VIEW" />
222-->[:stripe_payment] AndroidManifest.xml:27:17-69
222-->[:stripe_payment] AndroidManifest.xml:27:25-66
223
224                <category android:name="android.intent.category.DEFAULT" />
224-->[:stripe_payment] AndroidManifest.xml:29:17-76
224-->[:stripe_payment] AndroidManifest.xml:29:27-73
225                <category android:name="android.intent.category.BROWSABLE" />
225-->[:stripe_payment] AndroidManifest.xml:30:17-78
225-->[:stripe_payment] AndroidManifest.xml:30:27-75
226
227                <data
227-->[:stripe_payment] AndroidManifest.xml:32:17-50
228                    android:host="firebase.auth"
229                    android:path="/"
230                    android:scheme="genericidp" />
230-->[:stripe_payment] AndroidManifest.xml:32:23-47
231            </intent-filter>
232        </activity>
233        <activity
233-->[com.google.firebase:firebase-auth:21.0.1] AndroidManifest.xml:45:9-62:20
234            android:name="com.google.firebase.auth.internal.RecaptchaActivity"
234-->[com.google.firebase:firebase-auth:21.0.1] AndroidManifest.xml:46:13-79
235            android:excludeFromRecents="true"
235-->[com.google.firebase:firebase-auth:21.0.1] AndroidManifest.xml:47:13-46
236            android:exported="true"
236-->[com.google.firebase:firebase-auth:21.0.1] AndroidManifest.xml:48:13-36
237            android:launchMode="singleTask"
237-->[com.google.firebase:firebase-auth:21.0.1] AndroidManifest.xml:49:13-44
238            android:theme="@android:style/Theme.Translucent.NoTitleBar" >
238-->[com.google.firebase:firebase-auth:21.0.1] AndroidManifest.xml:50:13-72
239            <intent-filter>
239-->[com.google.firebase:firebase-auth:21.0.1] AndroidManifest.xml:51:13-61:29
240                <action android:name="android.intent.action.VIEW" />
240-->[:stripe_payment] AndroidManifest.xml:27:17-69
240-->[:stripe_payment] AndroidManifest.xml:27:25-66
241
242                <category android:name="android.intent.category.DEFAULT" />
242-->[:stripe_payment] AndroidManifest.xml:29:17-76
242-->[:stripe_payment] AndroidManifest.xml:29:27-73
243                <category android:name="android.intent.category.BROWSABLE" />
243-->[:stripe_payment] AndroidManifest.xml:30:17-78
243-->[:stripe_payment] AndroidManifest.xml:30:27-75
244
245                <data
245-->[:stripe_payment] AndroidManifest.xml:32:17-50
246                    android:host="firebase.auth"
247                    android:path="/"
248                    android:scheme="recaptcha" />
248-->[:stripe_payment] AndroidManifest.xml:32:23-47
249            </intent-filter>
250        </activity>
251
252        <service
252-->[com.google.firebase:firebase-auth:21.0.1] AndroidManifest.xml:64:9-73:19
253            android:name="com.google.firebase.auth.api.fallback.service.FirebaseAuthFallbackService"
253-->[com.google.firebase:firebase-auth:21.0.1] AndroidManifest.xml:65:13-101
254            android:enabled="true"
254-->[com.google.firebase:firebase-auth:21.0.1] AndroidManifest.xml:66:13-35
255            android:exported="false" >
255-->[com.google.firebase:firebase-auth:21.0.1] AndroidManifest.xml:67:13-37
256            <intent-filter>
256-->[com.google.firebase:firebase-auth:21.0.1] AndroidManifest.xml:68:13-72:29
257                <action android:name="com.google.firebase.auth.api.gms.service.START" />
257-->[com.google.firebase:firebase-auth:21.0.1] AndroidManifest.xml:69:17-89
257-->[com.google.firebase:firebase-auth:21.0.1] AndroidManifest.xml:69:25-86
258
259                <category android:name="android.intent.category.DEFAULT" />
259-->[:stripe_payment] AndroidManifest.xml:29:17-76
259-->[:stripe_payment] AndroidManifest.xml:29:27-73
260            </intent-filter>
261        </service>
262
263        <provider
263-->[com.google.firebase:firebase-common:20.0.0] AndroidManifest.xml:26:9-31:39
264            android:name="com.google.firebase.provider.FirebaseInitProvider"
264-->[com.google.firebase:firebase-common:20.0.0] AndroidManifest.xml:27:13-77
265            android:authorities="com.example.ECommerceApp.firebaseinitprovider"
265-->[com.google.firebase:firebase-common:20.0.0] AndroidManifest.xml:28:13-72
266            android:directBootAware="true"
266-->[com.google.firebase:firebase-common:20.0.0] AndroidManifest.xml:29:13-43
267            android:exported="false"
267-->[com.google.firebase:firebase-common:20.0.0] AndroidManifest.xml:30:13-37
268            android:initOrder="100" />
268-->[com.google.firebase:firebase-common:20.0.0] AndroidManifest.xml:31:13-36
269
270        <receiver
270-->[com.google.android.gms:play-services-measurement:19.0.1] AndroidManifest.xml:29:9-33:20
271            android:name="com.google.android.gms.measurement.AppMeasurementReceiver"
271-->[com.google.android.gms:play-services-measurement:19.0.1] AndroidManifest.xml:30:13-85
272            android:enabled="true"
272-->[com.google.android.gms:play-services-measurement:19.0.1] AndroidManifest.xml:31:13-35
273            android:exported="false" >
273-->[com.google.android.gms:play-services-measurement:19.0.1] AndroidManifest.xml:32:13-37
274        </receiver>
275
276        <service
276-->[com.google.android.gms:play-services-measurement:19.0.1] AndroidManifest.xml:35:9-38:40
277            android:name="com.google.android.gms.measurement.AppMeasurementService"
277-->[com.google.android.gms:play-services-measurement:19.0.1] AndroidManifest.xml:36:13-84
278            android:enabled="true"
278-->[com.google.android.gms:play-services-measurement:19.0.1] AndroidManifest.xml:37:13-35
279            android:exported="false" />
279-->[com.google.android.gms:play-services-measurement:19.0.1] AndroidManifest.xml:38:13-37
280        <service
280-->[com.google.android.gms:play-services-measurement:19.0.1] AndroidManifest.xml:39:9-43:72
281            android:name="com.google.android.gms.measurement.AppMeasurementJobService"
281-->[com.google.android.gms:play-services-measurement:19.0.1] AndroidManifest.xml:40:13-87
282            android:enabled="true"
282-->[com.google.android.gms:play-services-measurement:19.0.1] AndroidManifest.xml:41:13-35
283            android:exported="false"
283-->[com.google.android.gms:play-services-measurement:19.0.1] AndroidManifest.xml:42:13-37
284            android:permission="android.permission.BIND_JOB_SERVICE" />
284-->[com.google.android.gms:play-services-measurement:19.0.1] AndroidManifest.xml:43:13-69
285
286        <receiver android:name="com.razorpay.RzpTokenReceiver" >
286-->[com.razorpay:checkout:1.6.10] AndroidManifest.xml:12:9-16:20
286-->[com.razorpay:checkout:1.6.10] AndroidManifest.xml:12:19-63
287            <intent-filter>
287-->[com.razorpay:checkout:1.6.10] AndroidManifest.xml:13:13-15:29
288                <action android:name="rzp.device_token.share" />
288-->[com.razorpay:checkout:1.6.10] AndroidManifest.xml:14:17-65
288-->[com.razorpay:checkout:1.6.10] AndroidManifest.xml:14:25-62
289            </intent-filter>
290        </receiver>
291
292        <activity
292-->[com.google.android.gms:play-services-auth:17.0.0] AndroidManifest.xml:23:9-27:75
293            android:name="com.google.android.gms.auth.api.signin.internal.SignInHubActivity"
293-->[com.google.android.gms:play-services-auth:17.0.0] AndroidManifest.xml:24:13-93
294            android:excludeFromRecents="true"
294-->[com.google.android.gms:play-services-auth:17.0.0] AndroidManifest.xml:25:13-46
295            android:exported="false"
295-->[com.google.android.gms:play-services-auth:17.0.0] AndroidManifest.xml:26:13-37
296            android:theme="@android:style/Theme.Translucent.NoTitleBar" />
296-->[com.google.android.gms:play-services-auth:17.0.0] AndroidManifest.xml:27:13-72
297        <!--
298            Service handling Google Sign-In user revocation. For apps that do not integrate with
299            Google Sign-In, this service will never be started.
300        -->
301        <service